\BOOKMARK [0][-]{chapter.1}{Introduction}{}% 1
\BOOKMARK [1][-]{section.1.1}{Purpose}{chapter.1}% 2
\BOOKMARK [1][-]{section.1.2}{Style convention}{chapter.1}% 3
\BOOKMARK [1][-]{section.1.3}{Problem reporting}{chapter.1}% 4
\BOOKMARK [1][-]{section.1.4}{How to read this document}{chapter.1}% 5
\BOOKMARK [0][-]{chapter.2}{User's Guide}{}% 6
\BOOKMARK [1][-]{section.2.1}{Overview}{chapter.2}% 7
\BOOKMARK [1][-]{section.2.2}{How to execute Neuronment}{chapter.2}% 8
\BOOKMARK [1][-]{section.2.3}{Neuronment sequencer}{chapter.2}% 9
\BOOKMARK [1][-]{section.2.4}{Neuronment sequencer syntax}{chapter.2}% 10
\BOOKMARK [0][-]{chapter.3}{Instructions}{}% 11
\BOOKMARK [1][-]{section.3.1}{Variable Management \(varman\)}{chapter.3}% 12
\BOOKMARK [1][-]{section.3.2}{Run Commands \(runsim\)}{chapter.3}% 13
\BOOKMARK [1][-]{section.3.3}{Reporting Commands \(report\)}{chapter.3}% 14
\BOOKMARK [1][-]{section.3.4}{I/O Interaction Commands \(rescue\)}{chapter.3}% 15
\BOOKMARK [0][-]{chapter.4}{Messages}{}% 16
\BOOKMARK [1][-]{section.4.1}{Command Line Issues}{chapter.4}% 17
\BOOKMARK [1][-]{section.4.2}{File IO Issues}{chapter.4}% 18
\BOOKMARK [1][-]{section.4.3}{Implementation Issues}{chapter.4}% 19
\BOOKMARK [1][-]{section.4.4}{Reporting Issues}{chapter.4}% 20
\BOOKMARK [1][-]{section.4.5}{Simulator Interface Issues}{chapter.4}% 21
\BOOKMARK [1][-]{section.4.6}{Warnings}{chapter.4}% 22
\BOOKMARK [0][-]{appendix.A}{First Appendix}{}% 23
